<?xml version="1.0" encoding="UTF-8"?>
<!-- Generated by org.testng.reporters.JUnitXMLReporter -->
<testsuite ignored="0" hostname="Chumki" failures="0" tests="2" name="Error validations Test" time="8.7" errors="0" timestamp="2024-02-11T19:28:38 IST">
  <testcase classname="PrasenjitDikshit.Tests.ErrorValidationsTest" name="LoginErrorValidation" time="0.554"/>
  <testcase classname="PrasenjitDikshit.Tests.ErrorValidationsTest" name="ProductErrorValidation" time="2.381"/>
</testsuite> <!-- Error validations Test -->
