<?xml version="1.0" encoding="UTF-8"?>
<!-- Generated by org.testng.reporters.JUnitXMLReporter -->
<testsuite ignored="0" hostname="Chumki" failures="0" tests="1" name="Default test(failed)(failed)" time="0.089" errors="0" timestamp="2024-01-10T21:44:12 IST">
  <testcase classname="PrasenjitDikshit.TestComponents.BaseTest" name="@BeforeMethod launchApplication" time="0.009">
    <failure type="java.io.FileNotFoundException" message="C:\Users\chumk\eclipse-workspace\SeleniumFrameworkDesign\src\main\java\PrasenjitDikshit\resources (Access is denied)">
      <![CDATA[java.io.FileNotFoundException: C:\Users\chumk\eclipse-workspace\SeleniumFrameworkDesign\src\main\java\PrasenjitDikshit\resources (Access is denied)
at java.base/java.io.FileInputStream.open0(Native Method)
at java.base/java.io.FileInputStream.open(FileInputStream.java:216)
at java.base/java.io.FileInputStream.<init>(FileInputStream.java:157)
at java.base/java.io.FileInputStream.<init>(FileInputStream.java:111)
at PrasenjitDikshit.TestComponents.BaseTest.initializeDriver(BaseTest.java:27)
at PrasenjitDikshit.TestComponents.BaseTest.launchApplication(BaseTest.java:52)
at java.base/java.util.ArrayList.forEach(ArrayList.java:1511)
... Removed 31 stack frames]]>
    </failure>
  </testcase> <!-- @BeforeMethod launchApplication -->
  <testcase classname="PrasenjitDikshit.TestComponents.BaseTest" name="@AfterMethod teardown" time="0.0">
    <skipped/>
  </testcase> <!-- @AfterMethod teardown -->
  <testcase classname="PrasenjitDikshit.Tests.SubmitOrderTest" name="SubmitOrder" time="0.0">
    <skipped/>
  </testcase> <!-- SubmitOrder -->
</testsuite> <!-- Default test(failed)(failed) -->
