<?xml version="1.0" encoding="UTF-8"?>
<!-- Generated by org.testng.reporters.JUnitXMLReporter -->
<testsuite ignored="0" hostname="Chumki" failures="0" tests="2" name="Error validations Test" time="10.524" errors="0" timestamp="2024-02-14T01:27:10 IST">
  <testcase classname="PrasenjitDikshit.Tests.ErrorValidationsTest" name="LoginErrorValidation" time="0.567"/>
  <testcase classname="PrasenjitDikshit.Tests.ErrorValidationsTest" name="ProductErrorValidation" time="2.599"/>
</testsuite> <!-- Error validations Test -->
