<?xml version="1.0" encoding="UTF-8"?>
<!-- Generated by org.testng.reporters.JUnitXMLReporter -->
<testsuite ignored="0" hostname="Chumki" failures="0" tests="3" name="Submit Order Test" time="32.922" errors="0" timestamp="2024-02-14T01:26:59 IST">
  <testcase classname="PrasenjitDikshit.Tests.SubmitOrderTest" name="SubmitOrder" time="8.823"/>
  <testcase classname="PrasenjitDikshit.Tests.SubmitOrderTest" name="SubmitOrder" time="8.876"/>
  <testcase classname="PrasenjitDikshit.Tests.SubmitOrderTest" name="OrderHistoryTest" time="0.785"/>
</testsuite> <!-- Submit Order Test -->
