<?xml version="1.0" encoding="UTF-8"?>
<testng-results ignored="0" total="5" passed="5" failed="0" skipped="0">
  <reporter-output>
  </reporter-output>
  <suite started-at="2024-02-14T01:26:26 IST" name="Suite" finished-at="2024-02-14T01:27:10 IST" duration-ms="43829">
    <groups>
      <group name="ErrorHandling">
        <method signature="ErrorValidationsTest.LoginErrorValidation()[pri:0, instance:PrasenjitDikshit.Tests.ErrorValidationsTest@72ccd81a]" name="LoginErrorValidation" class="PrasenjitDikshit.Tests.ErrorValidationsTest"/>
      </group> <!-- ErrorHandling -->
      <group name="Purchase">
        <method signature="SubmitOrderTest.SubmitOrder(java.util.HashMap)[pri:0, instance:PrasenjitDikshit.Tests.SubmitOrderTest@18a3962d]" name="SubmitOrder" class="PrasenjitDikshit.Tests.SubmitOrderTest"/>
      </group> <!-- Purchase -->
    </groups>
    <test started-at="2024-02-14T01:26:26 IST" name="Submit Order Test" finished-at="2024-02-14T01:26:59 IST" duration-ms="32922">
      <class name="PrasenjitDikshit.Tests.SubmitOrderTest">
        <test-method is-config="true" signature="launchApplication()[pri:0, instance:PrasenjitDikshit.Tests.SubmitOrderTest@18a3962d]" started-at="2024-02-14T01:26:26 IST" name="launchApplication" finished-at="2024-02-14T01:26:33 IST" duration-ms="6496" status="PASS">
          <reporter-output>
          </reporter-output>
        </test-method> <!-- launchApplication -->
        <test-method signature="SubmitOrder(java.util.HashMap)[pri:0, instance:PrasenjitDikshit.Tests.SubmitOrderTest@18a3962d]" started-at="2024-02-14T01:26:33 IST" name="SubmitOrder" data-provider="getData" finished-at="2024-02-14T01:26:42 IST" duration-ms="8823" status="PASS">
          <params>
            <param index="0">
              <value>
                <![CDATA[{password=Diamond1996@, product=IPHONE 13 PRO, email=rajdixit2024@gmail.com}]]>
              </value>
            </param>
          </params>
          <reporter-output>
          </reporter-output>
        </test-method> <!-- SubmitOrder -->
        <test-method is-config="true" signature="teardown()[pri:0, instance:PrasenjitDikshit.Tests.SubmitOrderTest@18a3962d]" started-at="2024-02-14T01:26:42 IST" name="teardown" finished-at="2024-02-14T01:26:42 IST" duration-ms="118" status="PASS">
          <reporter-output>
          </reporter-output>
        </test-method> <!-- teardown -->
        <test-method is-config="true" signature="launchApplication()[pri:0, instance:PrasenjitDikshit.Tests.SubmitOrderTest@18a3962d]" started-at="2024-02-14T01:26:42 IST" name="launchApplication" finished-at="2024-02-14T01:26:45 IST" duration-ms="3638" status="PASS">
          <reporter-output>
          </reporter-output>
        </test-method> <!-- launchApplication -->
        <test-method signature="SubmitOrder(java.util.HashMap)[pri:0, instance:PrasenjitDikshit.Tests.SubmitOrderTest@18a3962d]" started-at="2024-02-14T01:26:45 IST" name="SubmitOrder" data-provider="getData" finished-at="2024-02-14T01:26:54 IST" duration-ms="8876" status="PASS">
          <params>
            <param index="0">
              <value>
                <![CDATA[{password=Rajad1996@, product=ADIDAS ORIGINAL, email=rajad@gmail.com}]]>
              </value>
            </param>
          </params>
          <reporter-output>
          </reporter-output>
        </test-method> <!-- SubmitOrder -->
        <test-method is-config="true" signature="teardown()[pri:0, instance:PrasenjitDikshit.Tests.SubmitOrderTest@18a3962d]" started-at="2024-02-14T01:26:54 IST" name="teardown" finished-at="2024-02-14T01:26:54 IST" duration-ms="103" status="PASS">
          <reporter-output>
          </reporter-output>
        </test-method> <!-- teardown -->
        <test-method is-config="true" signature="launchApplication()[pri:0, instance:PrasenjitDikshit.Tests.SubmitOrderTest@18a3962d]" started-at="2024-02-14T01:26:54 IST" name="launchApplication" finished-at="2024-02-14T01:26:58 IST" duration-ms="3752" status="PASS">
          <reporter-output>
          </reporter-output>
        </test-method> <!-- launchApplication -->
        <test-method signature="OrderHistoryTest()[pri:0, instance:PrasenjitDikshit.Tests.SubmitOrderTest@18a3962d]" started-at="2024-02-14T01:26:58 IST" name="OrderHistoryTest" finished-at="2024-02-14T01:26:59 IST" depends-on-methods="PrasenjitDikshit.Tests.SubmitOrderTest.SubmitOrder" duration-ms="785" status="PASS">
          <reporter-output>
          </reporter-output>
        </test-method> <!-- OrderHistoryTest -->
        <test-method is-config="true" signature="teardown()[pri:0, instance:PrasenjitDikshit.Tests.SubmitOrderTest@18a3962d]" started-at="2024-02-14T01:26:59 IST" name="teardown" finished-at="2024-02-14T01:26:59 IST" duration-ms="98" status="PASS">
          <reporter-output>
          </reporter-output>
        </test-method> <!-- teardown -->
      </class> <!-- PrasenjitDikshit.Tests.SubmitOrderTest -->
    </test> <!-- Submit Order Test -->
    <test started-at="2024-02-14T01:26:59 IST" name="Error validations Test" finished-at="2024-02-14T01:27:10 IST" duration-ms="10524">
      <class name="PrasenjitDikshit.Tests.ErrorValidationsTest">
        <test-method is-config="true" signature="launchApplication()[pri:0, instance:PrasenjitDikshit.Tests.ErrorValidationsTest@72ccd81a]" started-at="2024-02-14T01:26:59 IST" name="launchApplication" finished-at="2024-02-14T01:27:03 IST" duration-ms="3428" status="PASS">
          <reporter-output>
          </reporter-output>
        </test-method> <!-- launchApplication -->
        <test-method signature="LoginErrorValidation()[pri:0, instance:PrasenjitDikshit.Tests.ErrorValidationsTest@72ccd81a]" started-at="2024-02-14T01:27:03 IST" name="LoginErrorValidation" finished-at="2024-02-14T01:27:03 IST" duration-ms="567" status="PASS">
          <reporter-output>
          </reporter-output>
        </test-method> <!-- LoginErrorValidation -->
        <test-method is-config="true" signature="teardown()[pri:0, instance:PrasenjitDikshit.Tests.ErrorValidationsTest@72ccd81a]" started-at="2024-02-14T01:27:03 IST" name="teardown" finished-at="2024-02-14T01:27:04 IST" duration-ms="93" status="PASS">
          <reporter-output>
          </reporter-output>
        </test-method> <!-- teardown -->
        <test-method is-config="true" signature="launchApplication()[pri:0, instance:PrasenjitDikshit.Tests.ErrorValidationsTest@72ccd81a]" started-at="2024-02-14T01:27:04 IST" name="launchApplication" finished-at="2024-02-14T01:27:07 IST" duration-ms="3740" status="PASS">
          <reporter-output>
          </reporter-output>
        </test-method> <!-- launchApplication -->
        <test-method signature="ProductErrorValidation()[pri:0, instance:PrasenjitDikshit.Tests.ErrorValidationsTest@72ccd81a]" started-at="2024-02-14T01:27:07 IST" name="ProductErrorValidation" finished-at="2024-02-14T01:27:10 IST" duration-ms="2599" status="PASS">
          <reporter-output>
          </reporter-output>
        </test-method> <!-- ProductErrorValidation -->
        <test-method is-config="true" signature="teardown()[pri:0, instance:PrasenjitDikshit.Tests.ErrorValidationsTest@72ccd81a]" started-at="2024-02-14T01:27:10 IST" name="teardown" finished-at="2024-02-14T01:27:10 IST" duration-ms="89" status="PASS">
          <reporter-output>
          </reporter-output>
        </test-method> <!-- teardown -->
      </class> <!-- PrasenjitDikshit.Tests.ErrorValidationsTest -->
    </test> <!-- Error validations Test -->
  </suite> <!-- Suite -->
</testng-results>
